<?xml version="1.0" encoding="utf-8"?><testsuites name="pytest tests"><testsuite name="pytest" errors="0" failures="0" skipped="0" tests="47" time="67.424" timestamp="2026-09-23T18:09:07.325261+02:00" hostname="DESKTOP-5CSODHE"><testcase classname="load_tests.resilience.tests.scenarios.test_http_resilience" name="test_http_request_succeeds_normally" time="5.591" /><testcase classname="load_tests.resilience.tests.scenarios.test_http_resilience" name="test_http_request_succeeds_under_high_latency" time="1.054" /><testcase classname="load_tests.resilience.tests.scenarios.test_http_resilience" name="test_http_request_succeeds_under_slow_network_profile[profile0-0.7]" time="1.225" /><testcase classname="load_tests.resilience.tests.scenarios.test_http_resilience" name="test_http_request_succeeds_under_slow_network_profile[profile1-0.25]" time="1.032" /><testcase classname="load_tests.resilience.tests.scenarios.test_http_resilience" name="test_http_request_succeeds_with_jitter_profile" time="0.938" /><testcase classname="load_tests.resilience.tests.scenarios.test_http_resilience" name="test_http_request_succeeds_with_bandwidth_limitation" time="1.015" /><testcase classname="load_tests.resilience.tests.scenarios.test_http_resilience" name="test_http_packet_loss_is_classified_before_request_dispatch" time="0.005" /><testcase classname="load_tests.resilience.tests.scenarios.test_http_resilience" name="test_http_interruption_is_classified_before_request_dispatch" time="0.006" /><testcase classname="load_tests.resilience.tests.scenarios.test_http_resilience" name="test_http_patient_response_preserves_expected_pagination_contract" time="1.153" /><testcase classname="load_tests.resilience.tests.scenarios.test_http_resilience" name="test_http_profiles_do_not_change_endpoint_contract[profile0]" time="1.208" /><testcase classname="load_tests.resilience.tests.scenarios.test_http_resilience" name="test_http_profiles_do_not_change_endpoint_contract[profile1]" time="0.909" /><testcase classname="load_tests.resilience.tests.scenarios.test_http_resilience" name="test_http_profiles_do_not_change_endpoint_contract[profile2]" time="0.953" /><testcase classname="load_tests.resilience.tests.scenarios.test_http_resilience" name="test_http_profiles_do_not_change_endpoint_contract[profile3]" time="0.910" /><testcase classname="load_tests.resilience.tests.scenarios.test_http_resilience" name="test_http_profiles_do_not_change_endpoint_contract[profile4]" time="0.956" /><testcase classname="load_tests.resilience.tests.scenarios.test_http_resilience" name="test_http_repeated_read_requests_remain_consistent" time="1.247" /><testcase classname="load_tests.resilience.tests.scenarios.test_socketio_resilience" name="test_socket_connects_and_restores_authenticated_context" time="1.516" /><testcase classname="load_tests.resilience.tests.scenarios.test_socketio_resilience" name="test_socket_disconnects_cleanly" time="1.539" /><testcase classname="load_tests.resilience.tests.scenarios.test_socketio_resilience" name="test_socket_reconnects_with_valid_credentials" time="1.089" /><testcase classname="load_tests.resilience.tests.scenarios.test_socketio_resilience" name="test_socket_rejects_reconnect_with_revoked_token" time="1.381" /><testcase classname="load_tests.resilience.tests.scenarios.test_socketio_resilience" name="test_socket_rejoins_authorized_conversation_after_reconnect" time="1.272" /><testcase classname="load_tests.resilience.tests.scenarios.test_socketio_resilience" name="test_socket_does_not_restore_unauthorized_conversation_after_reconnect" time="1.281" /><testcase classname="load_tests.resilience.tests.scenarios.test_socketio_resilience" name="test_socket_rejects_invalid_reconnect_credentials" time="0.825" /><testcase classname="load_tests.resilience.tests.scenarios.test_socketio_resilience" name="test_socket_repeated_reconnects_remain_authenticated" time="1.296" /><testcase classname="load_tests.resilience.tests.scenarios.test_auth_resilience" name="test_authenticated_request_remains_valid_under_network_degradation" time="1.540" /><testcase classname="load_tests.resilience.tests.scenarios.test_auth_resilience" name="test_login_recovers_after_intermittent_interruption" time="1.853" /><testcase classname="load_tests.resilience.tests.scenarios.test_auth_resilience" name="test_login_recovers_after_packet_loss" time="1.648" /><testcase classname="load_tests.resilience.tests.scenarios.test_auth_resilience" name="test_login_succeeds_under_high_latency" time="1.590" /><testcase classname="load_tests.resilience.tests.scenarios.test_auth_resilience" name="test_login_succeeds_under_jitter" time="1.600" /><testcase classname="load_tests.resilience.tests.scenarios.test_auth_resilience" name="test_login_succeeds_under_slow_2g" time="1.994" /><testcase classname="load_tests.resilience.tests.scenarios.test_auth_resilience" name="test_logout_revokes_access_after_network_delay" time="1.641" /><testcase classname="load_tests.resilience.tests.scenarios.test_auth_resilience" name="test_refresh_succeeds_under_bandwidth_limit" time="1.113" /><testcase classname="load_tests.resilience.tests.scenarios.test_auth_resilience" name="test_revoked_refresh_token_cannot_be_reused_after_recovery" time="1.083" /><testcase classname="load_tests.resilience.tests.scenarios.test_auth_resilience" name="test_token_version_invalidation_survives_network_recovery" time="0.955" /><testcase classname="load_tests.resilience.tests.scenarios.test_chat_resilience" name="test_chat_message_read_recovers_under_high_latency" time="1.379" /><testcase classname="load_tests.resilience.tests.scenarios.test_chat_resilience" name="test_chat_message_recovers_after_interruption" time="1.369" /><testcase classname="load_tests.resilience.tests.scenarios.test_chat_resilience" name="test_chat_message_recovers_after_packet_loss" time="1.391" /><testcase classname="load_tests.resilience.tests.scenarios.test_chat_resilience" name="test_chat_message_succeeds_under_slow_2g" time="1.977" /><testcase classname="load_tests.resilience.tests.scenarios.test_chat_resilience" name="test_cross_clinic_chat_request_remains_isolated_after_latency" time="2.472" /><testcase classname="load_tests.resilience.tests.scenarios.test_chat_resilience" name="test_failed_outbox_event_can_be_retried" time="1.663" /><testcase classname="load_tests.resilience.tests.scenarios.test_chat_resilience" name="test_outbox_failed_event_returns_to_pending" time="1.521" /><testcase classname="load_tests.resilience.tests.scenarios.test_chat_resilience" name="test_outbox_message_enters_pending_state_after_creation" time="1.551" /><testcase classname="load_tests.resilience.tests.scenarios.test_chat_resilience" name="test_stale_processing_event_is_requeued" time="2.440" /><testcase classname="load_tests.resilience.tests.scenarios.test_redis_celery_resilience" name="test_celery_broker_failure_leaves_notification_pending" time="1.857" /><testcase classname="load_tests.resilience.tests.scenarios.test_redis_celery_resilience" name="test_celery_broker_recovers_without_duplicate_state_change" time="1.417" /><testcase classname="load_tests.resilience.tests.scenarios.test_redis_celery_resilience" name="test_celery_beat_schedule_references_registered_tasks" time="0.824" /><testcase classname="load_tests.resilience.tests.scenarios.test_redis_celery_resilience" name="test_redis_auth_fails_closed_during_outage" time="1.177" /><testcase classname="load_tests.resilience.tests.scenarios.test_redis_celery_resilience" name="test_redis_auth_recovers_after_outage" time="1.864" /></testsuite></testsuites>